{"level":30,"time":1781171700173,"msg":"API routes loaded","pid":34888,"env":"development","module":"express-dev","loaded":11,"failed":0,"routes":["admin-actions","auth","cron","cron-task","dashboard-snapshot","health-status","history","incidents","interactive","qstash-worker","whitelist"]}
{"level":30,"time":1781171700174,"msg":"========================================","pid":34888,"env":"development","module":"express-dev"}
{"level":30,"time":1781171700174,"msg":"Server ready","pid":34888,"env":"development","module":"express-dev","port":3000,"apiPrefix":"/api","dashboard":"http://localhost:3000","status":"http://localhost:3000/status/"}
{"level":30,"time":1781171700174,"msg":"========================================","pid":34888,"env":"development","module":"express-dev"}
{"level":30,"time":1781171767616,"msg":"api request","pid":34888,"env":"development","endpoint":"cron","method":"POST","path":"/api/cron?action=update","reqId":null,"ip":null,"event":"request_start"}
{"level":30,"time":1781171767617,"msg":"QStash enabled check","pid":34888,"env":"development","scope":"qstash","enabled":false,"QSTASH_ENABLED":false,"hasWorkerUrl":true,"hasToken":true}
{"level":30,"time":1781171767646,"msg":"runtime config","pid":34888,"env":"development","scope":"cron","channelValidationConcurrency":8}
{"level":30,"time":1781171767699,"msg":"Scrape optimizer initialized with Redis","pid":34888,"env":"development","scope":"scrape-optimizer"}
{"level":30,"time":1781171767699,"msg":"Scrape optimizer initialized","pid":34888,"env":"development","scope":"boot"}
{"level":30,"time":1781171767699,"msg":"Provider registered","pid":34888,"env":"development","scope":"provider-registry","providerId":"ikiru","displayName":"Ikiru"}
{"level":30,"time":1781171767699,"msg":"Provider registered","pid":34888,"env":"development","scope":"provider-registry","providerId":"shinigami","displayName":"Shinigami"}
{"level":30,"time":1781171767699,"msg":"Scrape optimizer initialized with Redis","pid":34888,"env":"development","scope":"scrape-optimizer"}
{"level":30,"time":1781171767826,"msg":"[loadWhitelist] Loaded from Redis cache","pid":34888,"env":"development","scope":"storage","count":59}
{"level":30,"time":1781171767826,"msg":"[loadWhitelist] Loaded from Redis cache","pid":34888,"env":"development","scope":"storage","count":59}
{"level":30,"time":1781171767827,"msg":"All providers initialized","pid":34888,"env":"development","scope":"boot"}
{"level":30,"time":1781171767827,"msg":"loaded","pid":34888,"env":"development","scope":"cron","whitelist":59,"guildsFound":2}
{"level":30,"time":1781171767853,"msg":"guild validation","pid":34888,"env":"development","scope":"cron","guildsFound":2,"guildsActive":2}
{"level":30,"time":1781171768482,"msg":"incremental scrape: filtered titles with dynamic adaptive scheduling intervals","pid":34888,"env":"development","scope":"orchestrator:helpers","total":26,"scanned":5,"skipped":21}
{"level":30,"time":1781171768487,"msg":"incremental scrape: filtered titles with dynamic adaptive scheduling intervals","pid":34888,"env":"development","scope":"orchestrator:helpers","total":46,"scanned":33,"skipped":13}
{"level":30,"time":1781171768495,"msg":"hibernation targets found with status-aware adaptive heuristics","pid":34888,"env":"development","scope":"orchestrator:helpers","hibernatingCount":6,"totalChecked":59,"completedSkipped":0,"hiatusSkipped":0,"activeSkipped":6}
{"level":30,"time":1781171769928,"msg":"Increased concurrency due to good performance","pid":34888,"env":"development","scope":"scrape-optimizer","concurrency":12,"errorRate":0,"avgResponseTime":300.6}
{"level":30,"time":1781171769966,"msg":"Increased concurrency due to good performance","pid":34888,"env":"development","scope":"scrape-optimizer","concurrency":14,"errorRate":0,"avgResponseTime":285.72727272727275}
{"level":30,"time":1781171769967,"msg":"Increased concurrency due to good performance","pid":34888,"env":"development","scope":"scrape-optimizer","concurrency":15,"errorRate":0,"avgResponseTime":304.4166666666667}
{"level":30,"time":1781171770060,"msg":"Increased concurrency due to good performance","pid":34888,"env":"development","scope":"scrape-optimizer","concurrency":15,"errorRate":0,"avgResponseTime":303.38461538461536}
{"level":30,"time":1781171770124,"msg":"Increased concurrency due to good performance","pid":34888,"env":"development","scope":"scrape-optimizer","concurrency":15,"errorRate":0,"avgResponseTime":288.2857142857143}
{"level":30,"time":1781171770166,"msg":"Increased concurrency due to good performance","pid":34888,"env":"development","scope":"scrape-optimizer","concurrency":15,"errorRate":0,"avgResponseTime":289.46666666666664}
{"level":30,"time":1781171770191,"msg":"Increased concurrency due to good performance","pid":34888,"env":"development","scope":"scrape-optimizer","concurrency":15,"errorRate":0,"avgResponseTime":282.4375}
{"level":30,"time":1781171770219,"msg":"Increased concurrency due to good performance","pid":34888,"env":"development","scope":"scrape-optimizer","concurrency":15,"errorRate":0,"avgResponseTime":274.5882352941176}
{"level":30,"time":1781171770230,"msg":"Increased concurrency due to good performance","pid":34888,"env":"development","scope":"scrape-optimizer","concurrency":15,"errorRate":0,"avgResponseTime":281.72222222222223}
{"level":30,"time":1781171770265,"msg":"Increased concurrency due to good performance","pid":34888,"env":"development","scope":"scrape-optimizer","concurrency":15,"errorRate":0,"avgResponseTime":288.1578947368421}
{"level":30,"time":1781171770278,"msg":"Increased concurrency due to good performance","pid":34888,"env":"development","scope":"scrape-optimizer","concurrency":15,"errorRate":0,"avgResponseTime":279.5}
{"level":30,"time":1781171770322,"msg":"Increased concurrency due to good performance","pid":34888,"env":"development","scope":"scrape-optimizer","concurrency":15,"errorRate":0,"avgResponseTime":288.55}
{"level":30,"time":1781171770457,"msg":"Increased concurrency due to good performance","pid":34888,"env":"development","scope":"scrape-optimizer","concurrency":15,"errorRate":0,"avgResponseTime":297.2}
{"level":30,"time":1781171770462,"msg":"Increased concurrency due to good performance","pid":34888,"env":"development","scope":"scrape-optimizer","concurrency":15,"errorRate":0,"avgResponseTime":292.8}
{"level":30,"time":1781171770554,"msg":"Increased concurrency due to good performance","pid":34888,"env":"development","scope":"scrape-optimizer","concurrency":15,"errorRate":0,"avgResponseTime":300.85}
{"level":30,"time":1781171770612,"msg":"Increased concurrency due to good performance","pid":34888,"env":"development","scope":"scrape-optimizer","concurrency":15,"errorRate":0,"avgResponseTime":305.1}
{"level":30,"time":1781171770661,"msg":"Increased concurrency due to good performance","pid":34888,"env":"development","scope":"scrape-optimizer","concurrency":15,"errorRate":0,"avgResponseTime":308.4}
{"level":30,"time":1781171770666,"msg":"Increased concurrency due to good performance","pid":34888,"env":"development","scope":"scrape-optimizer","concurrency":15,"errorRate":0,"avgResponseTime":318.25}
{"level":30,"time":1781171770692,"msg":"Increased concurrency due to good performance","pid":34888,"env":"development","scope":"scrape-optimizer","concurrency":15,"errorRate":0,"avgResponseTime":314}
{"level":30,"time":1781171770721,"msg":"Increased concurrency due to good performance","pid":34888,"env":"development","scope":"scrape-optimizer","concurrency":15,"errorRate":0,"avgResponseTime":308.65}
{"level":30,"time":1781171770816,"msg":"Increased concurrency due to good performance","pid":34888,"env":"development","scope":"scrape-optimizer","concurrency":15,"errorRate":0,"avgResponseTime":306.75}
{"level":30,"time":1781171770832,"msg":"Increased concurrency due to good performance","pid":34888,"env":"development","scope":"scrape-optimizer","concurrency":15,"errorRate":0,"avgResponseTime":320.25}
{"level":30,"time":1781171770871,"msg":"Increased concurrency due to good performance","pid":34888,"env":"development","scope":"scrape-optimizer","concurrency":15,"errorRate":0,"avgResponseTime":310.2}
{"level":30,"time":1781171770944,"msg":"Increased concurrency due to good performance","pid":34888,"env":"development","scope":"scrape-optimizer","concurrency":15,"errorRate":0,"avgResponseTime":314.45}
{"level":30,"time":1781171771495,"msg":"Starting metadata cache pre-warming process...","pid":34888,"env":"development","scope":"metadata-enrichment"}
{"level":30,"time":1781171771565,"msg":"Identified titles needing metadata enrichment","pid":34888,"env":"development","scope":"metadata-enrichment","totalWhitelist":59,"needingEnrichment":0,"limit":10}
{"level":30,"time":1781171771565,"msg":"All whitelist entries have warm metadata caches!","pid":34888,"env":"development","scope":"metadata-enrichment"}
{"level":30,"time":1781171771565,"msg":"Cron background job finished","pid":34888,"env":"development","scope":"cron","status":200,"reason":"no_new_chapters"}
{"level":30,"time":1781171846244,"msg":"api request","pid":34888,"env":"development","endpoint":"cron","method":"POST","path":"/api/cron?action=update","reqId":null,"ip":null,"event":"request_start"}
{"level":30,"time":1781171846244,"msg":"QStash enabled check","pid":34888,"env":"development","scope":"qstash","enabled":false,"QSTASH_ENABLED":false,"hasWorkerUrl":true,"hasToken":true}
{"level":30,"time":1781171846271,"msg":"runtime config","pid":34888,"env":"development","scope":"cron","channelValidationConcurrency":8}
{"level":30,"time":1781171846322,"msg":"Scrape optimizer initialized with Redis","pid":34888,"env":"development","scope":"scrape-optimizer"}
{"level":30,"time":1781171846424,"msg":"[loadWhitelist] Loaded from Redis cache","pid":34888,"env":"development","scope":"storage","count":60}
{"level":30,"time":1781171846424,"msg":"loaded","pid":34888,"env":"development","scope":"cron","whitelist":60,"guildsFound":2}
{"level":30,"time":1781171846449,"msg":"guild validation","pid":34888,"env":"development","scope":"cron","guildsFound":2,"guildsActive":2}
{"level":30,"time":1781171846596,"msg":"hibernation targets found with status-aware adaptive heuristics","pid":34888,"env":"development","scope":"orchestrator:helpers","hibernatingCount":6,"totalChecked":60,"completedSkipped":0,"hiatusSkipped":0,"activeSkipped":6}
{"level":30,"time":1781171846602,"msg":"incremental scrape: filtered titles with dynamic adaptive scheduling intervals","pid":34888,"env":"development","scope":"orchestrator:helpers","total":46,"scanned":0,"skipped":46}
{"level":30,"time":1781171846604,"msg":"incremental scrape: filtered titles with dynamic adaptive scheduling intervals","pid":34888,"env":"development","scope":"orchestrator:helpers","total":27,"scanned":6,"skipped":21}
{"level":30,"time":1781171846877,"msg":"Scraping Ikiru latest with pages","pid":34888,"env":"development","scope":"ikiru:scraper","maxPages":3,"baseUrl":"https://05.ikiru.wtf/latest-update/"}
{"level":30,"time":1781171846903,"msg":"Executing local Python scraper","pid":34888,"env":"development","scope":"scrapling-bridge","action":"latest","args":["api/scrapling_bridge.py","--action","latest","--baseUrl","https://05.ikiru.wtf/latest-update/","--maxPages","3","--cookies","{\"server_name_session\":\"c2357ec8e0b716adde849a9b28b045e2\"}","--username","mirbless15@gmail.com","--password","faraygod7crew"]}
{"level":30,"time":1781171850423,"msg":"filtered out non-whitelist updates before enrichment","pid":34888,"env":"development","scope":"scraper","original":212,"kept":3}
{"level":30,"time":1781171850423,"msg":"filtered out stale chapters older than 24 hours","pid":34888,"env":"development","scope":"scraper","original":3,"kept":1,"removed":2}
{"level":30,"time":1781171850468,"msg":"Metadata enrichment stats","pid":34888,"env":"development","scope":"scraper","cached":1,"fetched":0,"failed":0,"skipped":0,"durationMs":0}
{"level":30,"time":1781171850494,"msg":"Match Found","pid":34888,"env":"development","scope":"cron","source":"ikiru","title":"Makan Dulu Sebelum Pergi","key":"makan dulu sebelum pergi","matched":"Makan Dulu Sebelum Pergi","chapter":"Chapter 58","url":"https://05.ikiru.wtf/manga/makan-dulu-sebelum-pergi/chapter-58.855748/"}
{"level":30,"time":1781171850546,"msg":"QStash enabled check","pid":34888,"env":"development","scope":"qstash","enabled":false,"QSTASH_ENABLED":false,"hasWorkerUrl":true,"hasToken":true}
{"level":30,"time":1781171850546,"msg":"QStash status check","pid":34888,"env":"development","scope":"cron","qstashEnabled":false}
{"level":40,"time":1781171850662,"msg":"Failed to persist dispatch claims to Supabase","pid":34888,"env":"development","scope":"storage","error":"null value in column \"title_key\" of relation \"dispatch_claims\" violates not-null constraint"}
{"level":30,"time":1781171850973,"msg":"Executing local Python scraper","pid":34888,"env":"development","scope":"scrapling-bridge","action":"expand","args":["api/scrapling_bridge.py","--action","expand","--baseUrl","https://05.ikiru.wtf/","--maxPages","1","--url","https://05.ikiru.wtf/manga/makan-dulu-sebelum-pergi/","--cookies","{\"server_name_session\":\"c2357ec8e0b716adde849a9b28b045e2\"}","--username","mirbless15@gmail.com","--password","faraygod7crew"]}
{"level":30,"time":1781171852834,"msg":"[sendDiscordEmbed] Success with buttons","pid":34888,"env":"development","scope":"discord:messaging","title":"Makan Dulu Sebelum Pergi","chapter":"Chapter 58"}
{"level":50,"time":1781171853508,"msg":"[sendDiscordEmbed] Failed","pid":34888,"env":"development","scope":"discord:messaging","title":"Makan Dulu Sebelum Pergi","chapter":"Chapter 58","status":404,"error":"Request failed with status code 404"}
{"level":30,"time":1781171854322,"msg":"Cron completed","pid":34888,"env":"development","scope":"cron:status","duration":"7.8","sent":1,"skipped":0,"failed":0,"guilds":2}
{"level":30,"time":1781171854428,"msg":"[syncDailyStatsToSupabase] Stats persisted to Supabase","pid":34888,"env":"development","scope":"storage","date":"2026-06-11"}
{"level":30,"time":1781171854432,"msg":"Starting metadata cache pre-warming process...","pid":34888,"env":"development","scope":"metadata-enrichment"}
{"level":30,"time":1781171854488,"msg":"Identified titles needing metadata enrichment","pid":34888,"env":"development","scope":"metadata-enrichment","totalWhitelist":60,"needingEnrichment":0,"limit":10}
{"level":30,"time":1781171854489,"msg":"All whitelist entries have warm metadata caches!","pid":34888,"env":"development","scope":"metadata-enrichment"}
{"level":30,"time":1781171854489,"msg":"Cron background job finished","pid":34888,"env":"development","scope":"cron","status":200,"sent":1,"skipped":0,"failed":0,"guilds":2}
{"level":30,"time":1781173064670,"msg":"api request","pid":34888,"env":"development","endpoint":"dashboard-snapshot","method":"GET","path":"/api/dashboard-snapshot","reqId":null,"ip":null,"event":"request_start"}
{"level":30,"time":1781173067129,"msg":"[loadWhitelist] Loaded from Redis cache","pid":34888,"env":"development","scope":"storage","count":67}
{"level":30,"time":1781173068000,"msg":"api success","pid":34888,"env":"development","endpoint":"dashboard-snapshot","method":"GET","path":"/api/dashboard-snapshot","reqId":null,"ip":null,"event":"request_ok","status":200,"whitelist":67,"queue":0,"fastCronFound":true}
{"level":30,"time":1781173070688,"msg":"api request","pid":34888,"env":"development","endpoint":"health-status","method":"GET","path":"http://localhost/api/health-status?realtime=1","reqId":null,"ip":null,"event":"request_start"}
{"level":30,"time":1781173070868,"msg":"api request","pid":34888,"env":"development","endpoint":"incidents","method":"GET","path":"/api/incidents?public=1&days=30","reqId":null,"ip":null,"event":"request_start"}
{"level":30,"time":1781173071157,"msg":"api success","pid":34888,"env":"development","endpoint":"incidents","method":"GET","path":"/api/incidents?public=1&days=30","reqId":null,"ip":null,"event":"request_ok","status":200,"cached":false,"totalIncidents":0,"recent24h":0,"ongoing":0}
{"level":30,"time":1781173073431,"msg":"api success","pid":34888,"env":"development","endpoint":"health-status","method":"GET","path":"http://localhost/api/health-status?realtime=1","reqId":null,"ip":null,"event":"request_ok","status":200,"cached":false}
{"level":30,"time":1781173079653,"msg":"api request","pid":34888,"env":"development","endpoint":"health-status","method":"GET","path":"http://localhost/api/health-status?realtime=1","reqId":null,"ip":null,"event":"request_start"}
{"level":30,"time":1781173079730,"msg":"api request","pid":34888,"env":"development","endpoint":"incidents","method":"GET","path":"/api/incidents?public=1&days=30","reqId":null,"ip":null,"event":"request_start"}
{"level":30,"time":1781173079832,"msg":"api success","pid":34888,"env":"development","endpoint":"incidents","method":"GET","path":"/api/incidents?public=1&days=30","reqId":null,"ip":null,"event":"request_ok","status":200,"cached":true}
{"level":30,"time":1781173082819,"msg":"api success","pid":34888,"env":"development","endpoint":"health-status","method":"GET","path":"http://localhost/api/health-status?realtime=1","reqId":null,"ip":null,"event":"request_ok","status":200,"cached":false}
{"level":30,"time":1781173108287,"msg":"api request","pid":34888,"env":"development","endpoint":"dashboard-snapshot","method":"GET","path":"/api/dashboard-snapshot","reqId":null,"ip":null,"event":"request_start"}
{"level":30,"time":1781173111173,"msg":"api success","pid":34888,"env":"development","endpoint":"dashboard-snapshot","method":"GET","path":"/api/dashboard-snapshot","reqId":null,"ip":null,"event":"request_ok","status":200,"whitelist":67,"queue":0,"fastCronFound":true}
{"level":30,"time":1781173112966,"msg":"api request","pid":34888,"env":"development","endpoint":"dashboard-snapshot","method":"GET","path":"/api/dashboard-snapshot","reqId":null,"ip":null,"event":"request_start"}
{"level":30,"time":1781173114589,"msg":"api success","pid":34888,"env":"development","endpoint":"dashboard-snapshot","method":"GET","path":"/api/dashboard-snapshot","reqId":null,"ip":null,"event":"request_ok","status":200,"whitelist":67,"queue":0,"fastCronFound":true}
{"level":30,"time":1781173163440,"msg":"api request","pid":34888,"env":"development","endpoint":"dashboard-snapshot","method":"GET","path":"/api/dashboard-snapshot","reqId":null,"ip":null,"event":"request_start"}
{"level":30,"time":1781173165916,"msg":"[loadWhitelist] Loaded from Redis cache","pid":34888,"env":"development","scope":"storage","count":67}
{"level":30,"time":1781173166374,"msg":"api success","pid":34888,"env":"development","endpoint":"dashboard-snapshot","method":"GET","path":"/api/dashboard-snapshot","reqId":null,"ip":null,"event":"request_ok","status":200,"whitelist":67,"queue":0,"fastCronFound":true}
{"level":30,"time":1781173222101,"msg":"api request","pid":34888,"env":"development","endpoint":"health-status","method":"GET","path":"http://localhost/api/health-status","reqId":null,"ip":null,"event":"request_start"}
{"level":30,"time":1781173232465,"msg":"api request","pid":34888,"env":"development","endpoint":"health-status","method":"GET","path":"http://localhost/api/health-status","reqId":null,"ip":null,"event":"request_start"}
{"level":30,"time":1781173235306,"msg":"api success","pid":34888,"env":"development","endpoint":"health-status","method":"GET","path":"http://localhost/api/health-status","reqId":null,"ip":null,"event":"request_ok","status":200,"cached":false}
{"level":30,"time":1781173244586,"msg":"api request","pid":34888,"env":"development","endpoint":"dashboard-snapshot","method":"GET","path":"/api/dashboard-snapshot","reqId":null,"ip":null,"event":"request_start"}
{"level":30,"time":1781173247255,"msg":"[loadWhitelist] Loaded from Redis cache","pid":34888,"env":"development","scope":"storage","count":67}
{"level":30,"time":1781173247788,"msg":"api success","pid":34888,"env":"development","endpoint":"dashboard-snapshot","method":"GET","path":"/api/dashboard-snapshot","reqId":null,"ip":null,"event":"request_ok","status":200,"whitelist":67,"queue":0,"fastCronFound":true}
{"level":30,"time":1781173287572,"msg":"api request","pid":34888,"env":"development","endpoint":"dashboard-snapshot","method":"GET","path":"/api/dashboard-snapshot","reqId":null,"ip":null,"event":"request_start"}
{"level":30,"time":1781173287924,"msg":"api request","pid":34888,"env":"development","endpoint":"dashboard-snapshot","method":"GET","path":"/api/dashboard-snapshot","reqId":null,"ip":null,"event":"request_start"}
{"level":30,"time":1781173291007,"msg":"api success","pid":34888,"env":"development","endpoint":"dashboard-snapshot","method":"GET","path":"/api/dashboard-snapshot","reqId":null,"ip":null,"event":"request_ok","status":200,"whitelist":67,"queue":0,"fastCronFound":true}
{"level":30,"time":1781173291011,"msg":"api success","pid":34888,"env":"development","endpoint":"dashboard-snapshot","method":"GET","path":"/api/dashboard-snapshot","reqId":null,"ip":null,"event":"request_ok","status":200,"whitelist":67,"queue":0,"fastCronFound":true}
{"level":30,"time":1781173294412,"msg":"api request","pid":34888,"env":"development","endpoint":"dashboard-snapshot","method":"GET","path":"/api/dashboard-snapshot","reqId":null,"ip":null,"event":"request_start"}
{"level":30,"time":1781173298623,"msg":"api success","pid":34888,"env":"development","endpoint":"dashboard-snapshot","method":"GET","path":"/api/dashboard-snapshot","reqId":null,"ip":null,"event":"request_ok","status":200,"whitelist":67,"queue":0,"fastCronFound":true}
{"level":30,"time":1781173300466,"msg":"api request","pid":34888,"env":"development","endpoint":"dashboard-snapshot","method":"GET","path":"/api/dashboard-snapshot","reqId":null,"ip":null,"event":"request_start"}
{"level":30,"time":1781173302072,"msg":"api success","pid":34888,"env":"development","endpoint":"dashboard-snapshot","method":"GET","path":"/api/dashboard-snapshot","reqId":null,"ip":null,"event":"request_ok","status":200,"whitelist":67,"queue":0,"fastCronFound":true}
{"level":30,"time":1781173328121,"msg":"api request","pid":34888,"env":"development","endpoint":"dashboard-snapshot","method":"GET","path":"/api/dashboard-snapshot","reqId":null,"ip":null,"event":"request_start"}
{"level":30,"time":1781173330528,"msg":"[loadWhitelist] Loaded from Redis cache","pid":34888,"env":"development","scope":"storage","count":67}
{"level":30,"time":1781173331149,"msg":"api success","pid":34888,"env":"development","endpoint":"dashboard-snapshot","method":"GET","path":"/api/dashboard-snapshot","reqId":null,"ip":null,"event":"request_ok","status":200,"whitelist":67,"queue":0,"fastCronFound":true}
{"level":30,"time":1781173360265,"msg":"api request","pid":34888,"env":"development","endpoint":"dashboard-snapshot","method":"GET","path":"/api/dashboard-snapshot","reqId":null,"ip":null,"event":"request_start"}
{"level":30,"time":1781173363723,"msg":"api success","pid":34888,"env":"development","endpoint":"dashboard-snapshot","method":"GET","path":"/api/dashboard-snapshot","reqId":null,"ip":null,"event":"request_ok","status":200,"whitelist":67,"queue":0,"fastCronFound":true}
{"level":30,"time":1781173420115,"msg":"api request","pid":34888,"env":"development","endpoint":"dashboard-snapshot","method":"GET","path":"/api/dashboard-snapshot","reqId":null,"ip":null,"event":"request_start"}
{"level":30,"time":1781173423563,"msg":"[loadWhitelist] Loaded from Redis cache","pid":34888,"env":"development","scope":"storage","count":67}
{"level":30,"time":1781173424008,"msg":"api success","pid":34888,"env":"development","endpoint":"dashboard-snapshot","method":"GET","path":"/api/dashboard-snapshot","reqId":null,"ip":null,"event":"request_ok","status":200,"whitelist":67,"queue":0,"fastCronFound":true}
{"level":30,"time":1781173732181,"msg":"api request","pid":34888,"env":"development","endpoint":"dashboard-snapshot","method":"GET","path":"/api/dashboard-snapshot","reqId":null,"ip":null,"event":"request_start"}
{"level":30,"time":1781173732702,"msg":"api request","pid":34888,"env":"development","endpoint":"dashboard-snapshot","method":"GET","path":"/api/dashboard-snapshot","reqId":null,"ip":null,"event":"request_start"}
{"level":30,"time":1781173735086,"msg":"[loadWhitelist] Loaded from Redis cache","pid":34888,"env":"development","scope":"storage","count":67}
{"level":30,"time":1781173736043,"msg":"api success","pid":34888,"env":"development","endpoint":"dashboard-snapshot","method":"GET","path":"/api/dashboard-snapshot","reqId":null,"ip":null,"event":"request_ok","status":200,"whitelist":67,"queue":0,"fastCronFound":true}
{"level":30,"time":1781173736186,"msg":"api success","pid":34888,"env":"development","endpoint":"dashboard-snapshot","method":"GET","path":"/api/dashboard-snapshot","reqId":null,"ip":null,"event":"request_ok","status":200,"whitelist":67,"queue":0,"fastCronFound":true}
{"level":30,"time":1781173745570,"msg":"api request","pid":34888,"env":"development","endpoint":"dashboard-snapshot","method":"GET","path":"/api/dashboard-snapshot","reqId":null,"ip":null,"event":"request_start"}
{"level":30,"time":1781173748440,"msg":"api success","pid":34888,"env":"development","endpoint":"dashboard-snapshot","method":"GET","path":"/api/dashboard-snapshot","reqId":null,"ip":null,"event":"request_ok","status":200,"whitelist":67,"queue":0,"fastCronFound":true}
{"level":30,"time":1781174373986,"msg":"api request","pid":34888,"env":"development","endpoint":"dashboard-snapshot","method":"GET","path":"/api/dashboard-snapshot","reqId":null,"ip":null,"event":"request_start"}
{"level":30,"time":1781174376483,"msg":"[loadWhitelist] Loaded from Redis cache","pid":34888,"env":"development","scope":"storage","count":67}
{"level":30,"time":1781174377407,"msg":"api success","pid":34888,"env":"development","endpoint":"dashboard-snapshot","method":"GET","path":"/api/dashboard-snapshot","reqId":null,"ip":null,"event":"request_ok","status":200,"whitelist":67,"queue":0,"fastCronFound":true}
{"level":30,"time":1781174447914,"msg":"api request","pid":34888,"env":"development","endpoint":"dashboard-snapshot","method":"GET","path":"/api/dashboard-snapshot","reqId":null,"ip":null,"event":"request_start"}
{"level":30,"time":1781174448461,"msg":"api request","pid":34888,"env":"development","endpoint":"dashboard-snapshot","method":"GET","path":"/api/dashboard-snapshot","reqId":null,"ip":null,"event":"request_start"}
{"level":30,"time":1781174450758,"msg":"[loadWhitelist] Loaded from Redis cache","pid":34888,"env":"development","scope":"storage","count":67}
{"level":30,"time":1781174451536,"msg":"api success","pid":34888,"env":"development","endpoint":"dashboard-snapshot","method":"GET","path":"/api/dashboard-snapshot","reqId":null,"ip":null,"event":"request_ok","status":200,"whitelist":67,"queue":0,"fastCronFound":true}
{"level":30,"time":1781174451542,"msg":"api success","pid":34888,"env":"development","endpoint":"dashboard-snapshot","method":"GET","path":"/api/dashboard-snapshot","reqId":null,"ip":null,"event":"request_ok","status":200,"whitelist":67,"queue":0,"fastCronFound":true}
{"level":30,"time":1781174643491,"msg":"api request","pid":34888,"env":"development","endpoint":"dashboard-snapshot","method":"GET","path":"/api/dashboard-snapshot","reqId":null,"ip":null,"event":"request_start"}
{"level":30,"time":1781174643845,"msg":"api request","pid":34888,"env":"development","endpoint":"dashboard-snapshot","method":"GET","path":"/api/dashboard-snapshot","reqId":null,"ip":null,"event":"request_start"}
{"level":30,"time":1781174646305,"msg":"[loadWhitelist] Loaded from Redis cache","pid":34888,"env":"development","scope":"storage","count":67}
{"level":30,"time":1781174647162,"msg":"api success","pid":34888,"env":"development","endpoint":"dashboard-snapshot","method":"GET","path":"/api/dashboard-snapshot","reqId":null,"ip":null,"event":"request_ok","status":200,"whitelist":67,"queue":0,"fastCronFound":true}
{"level":30,"time":1781174647198,"msg":"api success","pid":34888,"env":"development","endpoint":"dashboard-snapshot","method":"GET","path":"/api/dashboard-snapshot","reqId":null,"ip":null,"event":"request_ok","status":200,"whitelist":67,"queue":0,"fastCronFound":true}
{"level":30,"time":1781174911668,"msg":"api request","pid":34888,"env":"development","endpoint":"dashboard-snapshot","method":"GET","path":"/api/dashboard-snapshot","reqId":null,"ip":null,"event":"request_start"}
{"level":30,"time":1781174912186,"msg":"api request","pid":34888,"env":"development","endpoint":"dashboard-snapshot","method":"GET","path":"/api/dashboard-snapshot","reqId":null,"ip":null,"event":"request_start"}
{"level":30,"time":1781174915379,"msg":"[loadWhitelist] Loaded from Redis cache","pid":34888,"env":"development","scope":"storage","count":67}
{"level":30,"time":1781174916126,"msg":"api success","pid":34888,"env":"development","endpoint":"dashboard-snapshot","method":"GET","path":"/api/dashboard-snapshot","reqId":null,"ip":null,"event":"request_ok","status":200,"whitelist":67,"queue":0,"fastCronFound":true}
{"level":30,"time":1781174916158,"msg":"api success","pid":34888,"env":"development","endpoint":"dashboard-snapshot","method":"GET","path":"/api/dashboard-snapshot","reqId":null,"ip":null,"event":"request_ok","status":200,"whitelist":67,"queue":0,"fastCronFound":true}
{"level":30,"time":1781174953192,"msg":"api request","pid":34888,"env":"development","endpoint":"dashboard-snapshot","method":"GET","path":"/api/dashboard-snapshot","reqId":null,"ip":null,"event":"request_start"}
{"level":30,"time":1781174956098,"msg":"api success","pid":34888,"env":"development","endpoint":"dashboard-snapshot","method":"GET","path":"/api/dashboard-snapshot","reqId":null,"ip":null,"event":"request_ok","status":200,"whitelist":67,"queue":0,"fastCronFound":true}
{"level":30,"time":1781175555046,"msg":"api request","pid":34888,"env":"development","endpoint":"dashboard-snapshot","method":"GET","path":"/api/dashboard-snapshot","reqId":null,"ip":null,"event":"request_start"}
{"level":30,"time":1781175557511,"msg":"[loadWhitelist] Loaded from Redis cache","pid":34888,"env":"development","scope":"storage","count":68}
{"level":30,"time":1781175558475,"msg":"api success","pid":34888,"env":"development","endpoint":"dashboard-snapshot","method":"GET","path":"/api/dashboard-snapshot","reqId":null,"ip":null,"event":"request_ok","status":200,"whitelist":68,"queue":0,"fastCronFound":true}
{"level":30,"time":1781175909431,"msg":"api request","pid":34888,"env":"development","endpoint":"dashboard-snapshot","method":"GET","path":"/api/dashboard-snapshot","reqId":null,"ip":null,"event":"request_start"}
{"level":30,"time":1781175912841,"msg":"[loadWhitelist] Loaded from Redis cache","pid":34888,"env":"development","scope":"storage","count":68}
{"level":30,"time":1781175913915,"msg":"api success","pid":34888,"env":"development","endpoint":"dashboard-snapshot","method":"GET","path":"/api/dashboard-snapshot","reqId":null,"ip":null,"event":"request_ok","status":200,"whitelist":68,"queue":0,"fastCronFound":true}
{"level":30,"time":1781175920952,"msg":"api request","pid":34888,"env":"development","endpoint":"dashboard-snapshot","method":"GET","path":"/api/dashboard-snapshot","reqId":null,"ip":null,"event":"request_start"}
{"level":30,"time":1781175923895,"msg":"api success","pid":34888,"env":"development","endpoint":"dashboard-snapshot","method":"GET","path":"/api/dashboard-snapshot","reqId":null,"ip":null,"event":"request_ok","status":200,"whitelist":68,"queue":0,"fastCronFound":true}
{"level":30,"time":1781175934171,"msg":"api request","pid":34888,"env":"development","endpoint":"dashboard-snapshot","method":"GET","path":"/api/dashboard-snapshot","reqId":null,"ip":null,"event":"request_start"}
{"level":30,"time":1781175934174,"msg":"api request","pid":34888,"env":"development","endpoint":"dashboard-snapshot","method":"GET","path":"/api/dashboard-snapshot","reqId":null,"ip":null,"event":"request_start"}
{"level":30,"time":1781175937576,"msg":"api success","pid":34888,"env":"development","endpoint":"dashboard-snapshot","method":"GET","path":"/api/dashboard-snapshot","reqId":null,"ip":null,"event":"request_ok","status":200,"whitelist":68,"queue":0,"fastCronFound":true}
{"level":30,"time":1781175937577,"msg":"api success","pid":34888,"env":"development","endpoint":"dashboard-snapshot","method":"GET","path":"/api/dashboard-snapshot","reqId":null,"ip":null,"event":"request_ok","status":200,"whitelist":68,"queue":0,"fastCronFound":true}
{"level":30,"time":1781175938853,"msg":"api request","pid":34888,"env":"development","endpoint":"dashboard-snapshot","method":"GET","path":"/api/dashboard-snapshot","reqId":null,"ip":null,"event":"request_start"}
{"level":30,"time":1781175940433,"msg":"api success","pid":34888,"env":"development","endpoint":"dashboard-snapshot","method":"GET","path":"/api/dashboard-snapshot","reqId":null,"ip":null,"event":"request_ok","status":200,"whitelist":68,"queue":0,"fastCronFound":true}
{"level":30,"time":1781175941649,"msg":"api request","pid":34888,"env":"development","endpoint":"dashboard-snapshot","method":"GET","path":"/api/dashboard-snapshot","reqId":null,"ip":null,"event":"request_start"}
{"level":30,"time":1781175943193,"msg":"api success","pid":34888,"env":"development","endpoint":"dashboard-snapshot","method":"GET","path":"/api/dashboard-snapshot","reqId":null,"ip":null,"event":"request_ok","status":200,"whitelist":68,"queue":0,"fastCronFound":true}
{"level":30,"time":1781176357433,"msg":"api request","pid":34888,"env":"development","endpoint":"dashboard-snapshot","method":"GET","path":"/api/dashboard-snapshot","reqId":null,"ip":null,"event":"request_start"}
{"level":30,"time":1781176359931,"msg":"[loadWhitelist] Loaded from Redis cache","pid":34888,"env":"development","scope":"storage","count":71}
{"level":30,"time":1781176360540,"msg":"api success","pid":34888,"env":"development","endpoint":"dashboard-snapshot","method":"GET","path":"/api/dashboard-snapshot","reqId":null,"ip":null,"event":"request_ok","status":200,"whitelist":71,"queue":0,"fastCronFound":true}
{"level":30,"time":1781176437309,"msg":"api request","pid":34888,"env":"development","endpoint":"dashboard-snapshot","method":"GET","path":"/api/dashboard-snapshot","reqId":null,"ip":null,"event":"request_start"}
{"level":30,"time":1781176439904,"msg":"[loadWhitelist] Loaded from Supabase","pid":34888,"env":"development","scope":"storage","count":71}
{"level":30,"time":1781176440276,"msg":"api success","pid":34888,"env":"development","endpoint":"dashboard-snapshot","method":"GET","path":"/api/dashboard-snapshot","reqId":null,"ip":null,"event":"request_ok","status":200,"whitelist":71,"queue":0,"fastCronFound":true}
{"level":30,"time":1781177688187,"msg":"api request","pid":34888,"env":"development","endpoint":"dashboard-snapshot","method":"GET","path":"/api/dashboard-snapshot","reqId":null,"ip":null,"event":"request_start"}
{"level":30,"time":1781177690648,"msg":"[loadWhitelist] Loaded from Redis cache","pid":34888,"env":"development","scope":"storage","count":71}
{"level":30,"time":1781177691811,"msg":"api success","pid":34888,"env":"development","endpoint":"dashboard-snapshot","method":"GET","path":"/api/dashboard-snapshot","reqId":null,"ip":null,"event":"request_ok","status":200,"whitelist":71,"queue":0,"fastCronFound":true}
{"level":30,"time":1781177708090,"msg":"api request","pid":34888,"env":"development","endpoint":"dashboard-snapshot","method":"GET","path":"/api/dashboard-snapshot","reqId":null,"ip":null,"event":"request_start"}
{"level":30,"time":1781177711675,"msg":"api success","pid":34888,"env":"development","endpoint":"dashboard-snapshot","method":"GET","path":"/api/dashboard-snapshot","reqId":null,"ip":null,"event":"request_ok","status":200,"whitelist":71,"queue":0,"fastCronFound":true}
{"level":30,"time":1781177799297,"msg":"api request","pid":34888,"env":"development","endpoint":"dashboard-snapshot","method":"GET","path":"/api/dashboard-snapshot","reqId":null,"ip":null,"event":"request_start"}
{"level":30,"time":1781177801935,"msg":"[loadWhitelist] Loaded from Redis cache","pid":34888,"env":"development","scope":"storage","count":71}
{"level":30,"time":1781177802471,"msg":"api success","pid":34888,"env":"development","endpoint":"dashboard-snapshot","method":"GET","path":"/api/dashboard-snapshot","reqId":null,"ip":null,"event":"request_ok","status":200,"whitelist":71,"queue":0,"fastCronFound":true}
